
LICENSE SYSTEM [2021513 14:24:28] Next license update check is after 2021-05-13T01:23:03

DisplayProgressbar: Unity license
[Package Manager] Server::Start -- Port 63471 was selected

 COMMAND LINE ARGUMENTS:
/Applications/2017.4.32c2/Unity.app/Contents/MacOS/Unity
-batchmode
-projectPath
/Volumes/work/U3D/compileTest
-quit
-logFile
/Volumes/work/U3D/compileTest/py/unity_log.log
-executeMethod
CommondLine.buildAndroidApp
-nographics
-username
maojingwei@bloks.com
-password
(hidden)
bundleVersion:1.0,keystoreName:androidKeystore.keystore,bundleVersionCode:1,keyaliasName:key,keyaliasPass:a123456,keypassWord:a123456,applicationIdentifier:com.bubu.test.cn,Id:1
Successfully changed project path to: /Volumes/work/U3D/compileTest
/Volumes/work/U3D/compileTest
Loading GUID <-> Path mappings...0.000188 seconds
Loading Asset Database...0.013536 seconds
Audio: FMOD Profiler initialized on port 54900
AssetDatabase consistency checks...0.037400 seconds
Refreshing native plugins compatible for Editor in 5.81 ms, found 0 plugins.
Preloading 0 native plugins for Editor in 0.00 ms.
DisplayProgressbar: Unity Package Manager
[Package Manager] Resolving 4 packages:
[Package Manager]  * Package :  com.unity.ads@2.0.8
    (location: /Users/sunshiyong/Library/Unity/cache/packages/packages.unity.com/com.unity.ads@2.0.8)
[Package Manager]  * Package :  com.unity.analytics@2.0.13
    (location: /Users/sunshiyong/Library/Unity/cache/packages/packages.unity.com/com.unity.analytics@2.0.13)
[Package Manager]  * Package :  com.unity.purchasing@0.0.19
    (location: /Users/sunshiyong/Library/Unity/cache/packages/packages.unity.com/com.unity.purchasing@0.0.19)
[Package Manager]  * Package :  com.unity.standardevents@1.0.10
    (location: /Users/sunshiyong/Library/Unity/cache/packages/packages.unity.com/com.unity.standardevents@1.0.10)
[Package Manager] Resolve completed
Initialize engine version: 2017.4.32c2 (d4068ce89058)
Forcing GfxDevice: Null
GfxDevice: creating device client; threaded=0
NullGfxDevice:
    Version:  NULL 1.0 [1.0]
    Renderer: Null Device
    Vendor:   Unity Technologies
Initialize mono
Mono path[0] = '/Applications/2017.4.32c2/Unity.app/Contents/Managed'
Mono path[1] = '/Applications/2017.4.32c2/Unity.app/Contents/Mono/lib/mono/2.0'
Mono config path = '/Applications/2017.4.32c2/Unity.app/Contents/Mono/etc'
Using monoOptions --debugger-agent=transport=dt_socket,embedding=1,defer=y,address=127.0.0.1:56443
Begin MonoManager ReloadAssembly
Initializing Unity.PackageManager (PackageManager) v2017.4.32 for Unity v2017.4.32c2
Registering precompiled unity dll's ...
Register platform support module: /Applications/2017.4.32c2/PlaybackEngines/AndroidPlayer/UnityEditor.Android.Extensions.dll
Register platform support module: /Applications/2017.4.32c2/PlaybackEngines/iOSSupport/UnityEditor.iOS.Extensions.dll
Register platform support module: /Applications/2017.4.32c2/Unity.app/Contents/PlaybackEngines/MacStandaloneSupport/UnityEditor.OSXStandalone.Extensions.dll
Registered in 0.000601 seconds.
Registering platform support modules:
Registered platform support modules in: 0.117302s.
Native extension for OSXStandalone target not found
Native extension for iOS target not found
Refreshing native plugins compatible for Editor in 0.29 ms, found 3 plugins.
[XcodeApplications] RefreshListOfAvailableXcodeApplications in: 0.042836s.
Native extension for Android target not found
Refreshing native plugins compatible for Editor in 0.30 ms, found 3 plugins.
Preloading 1 native plugins for Editor in 4.25 ms.
Mono: successfully reloaded assembly
- Completed reload, in  1.870 seconds
Platform modules already initialized, skipping
Begin MonoManager ReloadAssembly
Registering precompiled user dll's ...
Registered in 0.014157 seconds.
Initializing Unity.PackageManager (PackageManager) v2017.4.32 for Unity v2017.4.32c2
Registering platform support modules:
Registered platform support modules in: 0.081765s.
Native extension for OSXStandalone target not found
Native extension for iOS target not found
[XcodeApplications] RefreshListOfAvailableXcodeApplications in: 0.006606s.
Native extension for Android target not found
Refreshing native plugins compatible for Editor in 0.30 ms, found 3 plugins.
Preloading 1 native plugins for Editor in 0.30 ms.
Mono: successfully reloaded assembly
- Completed reload, in  1.428 seconds
Platform modules already initialized, skipping
Validating Project structure ... 0.000620 seconds.
Refresh: detecting if any assets need to be imported or removed ... 
Hashing assets ... 0.000 seconds
  file open: 0.000 seconds (2 files)
  file read: 0.000 seconds (0.004 MB)
  hash: 0.000 seconds
----- Compute hash(es) for 1 asset(s).

Refresh: elapses 0.045416 seconds
Updating Assets/Editor/CommondLine.cs - GUID: 74c5f9776c7a04565823411dc57f1963...
 done. [Time: 277.941750 ms] 
Unloading 98 Unused Serialized files (Serialized files now loaded: 0)
System memory in use before: 0.59 GB.
System memory in use after: 0.59 GB.

Unloading 113 unused Assets to reduce memory usage. Loaded Objects now: 630.
Total: 2.008375 ms (FindLiveObjects: 0.093459 ms CreateObjectMapping: 0.009083 ms MarkObjects: 1.873500 ms  DeleteObjects: 0.032000 ms)

- Starting compile Library/ScriptAssemblies/Assembly-CSharp-Editor.dll
- Finished compile Library/ScriptAssemblies/Assembly-CSharp-Editor.dll
Reloading assemblies after script compilation.
Begin MonoManager ReloadAssembly
Initializing Unity.PackageManager (PackageManager) v2017.4.32 for Unity v2017.4.32c2
Registering platform support modules:
Registered platform support modules in: 0.074057s.
Native extension for OSXStandalone target not found
Native extension for iOS target not found
Refreshing native plugins compatible for Editor in 11.99 ms, found 3 plugins.
[XcodeApplications] RefreshListOfAvailableXcodeApplications in: 0.004964s.
Native extension for Android target not found
Refreshing native plugins compatible for Editor in 0.29 ms, found 3 plugins.
Preloading 1 native plugins for Editor in 0.35 ms.
Mono: successfully reloaded assembly
- Completed reload, in  1.527 seconds
Platform modules already initialized, skipping
Refreshing native plugins compatible for Editor in 0.30 ms, found 3 plugins.
Preloading 1 native plugins for Editor in 0.33 ms.

----- Total AssetImport time: 3.777256s, AssetImport time: 3.731762s, Asset hashing: 0.000386s [4.5 KB, 11.481179 mb/s]

Warming cache for 138 main assets: 0.000329 seconds elapsed
Initializing Unity extensions:
 '/Applications/2017.4.32c2/Unity.app/Contents/UnityExtensions/Unity/UnityHoloLens/Editor/UnityEditor.HoloLens.dll'  GUID: 12fd8a0055b84bb59e84c9835a37e333
 '/Applications/2017.4.32c2/Unity.app/Contents/UnityExtensions/Unity/Timeline/Runtime/UnityEngine.Timeline.dll'  GUID: 6a10b2909283487f913b00d94cd3faf5
 '/Applications/2017.4.32c2/Unity.app/Contents/UnityExtensions/Unity/TestRunner/portable/nunit.framework.dll'  GUID: 405b9b51bb344a128608d968297df79c
 '/Applications/2017.4.32c2/Unity.app/Contents/UnityExtensions/Unity/GUISystem/Standalone/UnityEngine.UI.dll'  GUID: f70555f144d8491a825f0804e09c671c
 '/Applications/2017.4.32c2/Unity.app/Contents/UnityExtensions/Unity/GUISystem/UnityEngine.UI.dll'  GUID: f5f67c52d1564df4a8936ccd202a3bd8
 '/Applications/2017.4.32c2/Unity.app/Contents/UnityExtensions/Unity/Timeline/RuntimeEditor/UnityEngine.Timeline.dll'  GUID: 844f815391db42d49455cbf1a7bfc434
 '/Applications/2017.4.32c2/Unity.app/Contents/UnityExtensions/Unity/Networking/Standalone/UnityEngine.Networking.dll'  GUID: dc443db3e92b4983b9738c1131f555cb
 '/Applications/2017.4.32c2/Unity.app/Contents/UnityExtensions/Unity/UnitySpatialTracking/Runtime/UnityEngine.SpatialTracking.dll'  GUID: ed7343f30e3843b3afda8f8b02669cea
 '/Applications/2017.4.32c2/Unity.app/Contents/UnityExtensions/Unity/UnityGoogleAudioSpatializer/Editor/UnityEditor.GoogleAudioSpatializer.dll'  GUID: 4a3ecb1425d14502837abea459cf2b70
 '/Applications/2017.4.32c2/Unity.app/Contents/UnityExtensions/Unity/Networking/Editor/UnityEditor.Networking.dll'  GUID: 5f32cd94baa94578a686d4b9d6b660f7
 '/Applications/2017.4.32c2/Unity.app/Contents/UnityExtensions/Unity/UnityHoloLens/Runtime/UnityEngine.HoloLens.dll'  GUID: f7b54ff4a43d4fcf81b4538b678e0bcc
 '/Applications/2017.4.32c2/Unity.app/Contents/UnityExtensions/Unity/UnitySpatialTracking/Editor/UnityEditor.SpatialTracking.dll'  GUID: b5da970776034f77a070d99423d68791
 '/Applications/2017.4.32c2/Unity.app/Contents/UnityExtensions/Unity/TreeEditor/Editor/UnityEditor.TreeEditor.dll'  GUID: adebbd281f1a4ef3a30be7f21937e02f
 '/Applications/2017.4.32c2/Unity.app/Contents/UnityExtensions/Unity/Networking/UnityEngine.Networking.dll'  GUID: 870353891bb340e2b2a9c8707e7419ba
 '/Applications/2017.4.32c2/Unity.app/Contents/UnityExtensions/Unity/TestRunner/UnityEngine.TestRunner.dll'  GUID: 53ebcfaa2e1e4e2dbc85882cd5a73fa1
 '/Applications/2017.4.32c2/Unity.app/Contents/UnityExtensions/Unity/UnityGoogleAudioSpatializer/RuntimeEditor/UnityEngine.GoogleAudioSpatializer.dll'  GUID: ead147da21254ff9a0a936bdd75e1680
 '/Applications/2017.4.32c2/Unity.app/Contents/UnityExtensions/Unity/UnityGoogleAudioSpatializer/Runtime/UnityEngine.GoogleAudioSpatializer.dll'  GUID: e4f4cf1b9b434137a499903a7a1d651a
 '/Applications/2017.4.32c2/Unity.app/Contents/UnityExtensions/Unity/UnityVR/Editor/UnityEditor.VR.dll'  GUID: 4ba2329b63d54f0187bcaa12486b1b0f
 '/Applications/2017.4.32c2/Unity.app/Contents/UnityExtensions/Unity/PerformanceTesting/UnityEngine.PerformanceTesting.dll'  GUID: 0de638bbb66f4208abfb60ea8e040324
 '/Applications/2017.4.32c2/Unity.app/Contents/UnityExtensions/Unity/UnityHoloLens/RuntimeEditor/UnityEngine.HoloLens.dll'  GUID: 1c6d1fbb51834b64847b1b73a75bfc77
 '/Applications/2017.4.32c2/Unity.app/Contents/UnityExtensions/Unity/UnitySpatialTracking/RuntimeEditor/UnityEngine.SpatialTracking.dll'  GUID: 3a84de5cd0624681b6b6dcd8921d912a
 '/Applications/2017.4.32c2/Unity.app/Contents/UnityExtensions/Unity/GUISystem/Editor/UnityEditor.UI.dll'  GUID: 80a3616ca19596e4da0f10f14d241e9f
 '/Applications/2017.4.32c2/Unity.app/Contents/UnityExtensions/Unity/UIAutomation/UnityEngine.UIAutomation.dll'  GUID: c768acbc9cf24d398488bb4c93b91288
 '/Applications/2017.4.32c2/Unity.app/Contents/UnityExtensions/Unity/TestRunner/Editor/UnityEditor.TestRunner.dll'  GUID: 4113173d5e95493ab8765d7b08371de4
 '/Applications/2017.4.32c2/Unity.app/Contents/UnityExtensions/Unity/TestRunner/net35/unity-custom/nunit.framework.dll'  GUID: 4b3fa4bde7f1451a8218c03ee6a8ded8
 '/Applications/2017.4.32c2/Unity.app/Contents/UnityExtensions/Unity/UIAutomation/Editor/UnityEditor.UIAutomation.dll'  GUID: b8a0574e92bd43a59e19d6c3c6ae54c7
 '/Applications/2017.4.32c2/Unity.app/Contents/UnityExtensions/Unity/Timeline/Editor/UnityEditor.Timeline.dll'  GUID: 7668179ede524d6396c8b7d84461ea29
Unloading 54 Unused Serialized files (Serialized files now loaded: 0)
System memory in use before: 0.59 GB.
System memory in use after: 0.59 GB.

Unloading 10 unused Assets to reduce memory usage. Loaded Objects now: 670.
Total: 0.605541 ms (FindLiveObjects: 0.076750 ms CreateObjectMapping: 0.007042 ms MarkObjects: 0.511833 ms  DeleteObjects: 0.009709 ms)

buildAndroidApp  buildAndroidApp  buildAndroidApp --------------- 
UnityEngine.DebugLogHandler:Internal_Log(LogType, String, Object)
UnityEngine.DebugLogHandler:LogFormat(LogType, Object, String, Object[])
UnityEngine.Logger:Log(LogType, Object)
UnityEngine.Debug:Log(Object)
CommondLine:buildAndroidApp() (at Assets/Editor/CommondLine.cs:40)
 
(Filename: Assets/Editor/CommondLine.cs Line: 40)

GetPassParam  GetPassParam  GetPassParam ---------------- bundleVersion:1.0,keystoreName:androidKeystore.keystore,bundleVersionCode:1,keyaliasName:key,keyaliasPass:a123456,keypassWord:a123456,applicationIdentifier:com.bubu.test.cn,Id:1
UnityEngine.DebugLogHandler:Internal_Log(LogType, String, Object)
UnityEngine.DebugLogHandler:LogFormat(LogType, Object, String, Object[])
UnityEngine.Logger:Log(LogType, Object)
UnityEngine.Debug:Log(Object)
CommondLine:buildAndroidApp() (at Assets/Editor/CommondLine.cs:51)
 
(Filename: Assets/Editor/CommondLine.cs Line: 51)

Refresh: detecting if any assets need to be imported or removed ... Refresh: elapses 0.034822 seconds
Refreshing native plugins compatible for Editor in 1.24 ms, found 3 plugins.
Preloading 1 native plugins for Editor in 0.33 ms.

----- Total AssetImport time: 0.035062s, AssetImport time: 0.000000s, Asset hashing: 0.000000s [0 B, 0.000000 mb/s]

Updating ProjectSettings/ProjectSettings.asset - GUID: 00000000000000004000000000000000...
 done. [Time: 31.565666 ms] 
Refreshing native plugins compatible for Editor in 0.26 ms, found 3 plugins.
Preloading 1 native plugins for Editor in 0.34 ms.

----- Total AssetImport time: 0.080792s, AssetImport time: 0.050214s, Asset hashing: 0.000000s [0 B, 0.000000 mb/s]

DisplayProgressbar: Checking prerequisites
Android PostProcess task "Checking prerequisites" took 11.659 ms
DisplayProgressbar: Detecting Android SDK
AndroidSDKTools:

	root          : /Users/sunshiyong/Library/Android/sdk
	tools         : /Users/sunshiyong/Library/Android/sdk/tools
	platform-tools: /Users/sunshiyong/Library/Android/sdk/platform-tools
	build-tools   : /Users/sunshiyong/Library/Android/sdk/build-tools/30.0.2

	adb      : /Users/sunshiyong/Library/Android/sdk/platform-tools/adb
	aapt     : /Users/sunshiyong/Library/Android/sdk/build-tools/30.0.2/aapt
	zipalign : /Users/sunshiyong/Library/Android/sdk/build-tools/30.0.2/zipalign

AndroidJavaTools:
	java     : /Library/Java/JavaVirtualMachines/jdk1.8.0_211.jdk/Contents/Home/bin/java

Android PostProcess task "Detecting Android SDK" took 2175.685 ms
Android PostProcess task "Detect Android NDK" took 0.374 ms
Android PostProcess task "Trying to find a suitable Android device" took 0.299 ms
BuildPlayer: start building target 13
- Starting compile Library/ScriptAssemblies/Assembly-CSharp.dll
- Finished compile Library/ScriptAssemblies/Assembly-CSharp.dll
Symbols will be read from Temp/Assembly-CSharp.dll.mdb
Script Module: Assembly-CSharp.dll
Pass: 0 took 4 milliseconds
Pass: 1 took 6 milliseconds
DisplayProgressbar: Building Player

Packing sprites:
[     41 MB ]- Skipping packing - Sprite Packer (Legacy) is off.
[     41 MB ]Opening scene 'Assets/Scenes/Test1.unity'
Load scene 'Assets/Scenes/Test1.unity' time: 0.016708 ms 
Unloading 12 Unused Serialized files (Serialized files now loaded: 0)
System memory in use before: 0.61 GB.
System memory in use after: 0.61 GB.

Unloading 21 unused Assets to reduce memory usage. Loaded Objects now: 2704.
Total: 7.125542 ms (FindLiveObjects: 0.258041 ms CreateObjectMapping: 0.036917 ms MarkObjects: 6.071875 ms  DeleteObjects: 0.758375 ms)

Created GICache directory at /Users/sunshiyong/Library/Caches/com.unity3d.UnityEditor/GiCache. Took: 0.002s, timestamps: [14.667 - 14.669]
[00:00:00] Enlighten: Precompute started.
[PathTracer] Issuing atlassing job. Atlas hash: bc06a9703e5ae257241f86e6e5e9cb62, width: 1024, height: 1024
[00:00:00] Enlighten: Finished 1 Layout Systems job (0.00s execute, 0.00s integrate, 0.01s wallclock)
[00:00:00] Enlighten: Finished 1 Tetrahedralize Probes job (0.00s execute, 0.00s integrate, 0.01s wallclock)
[00:00:00] Enlighten: Precompute took 0.022848 seconds.
Enlighten scene contents:   0 geometries.   0 instances.   0 systems.   0 probe groups.   0 cube maps. Scene is up-to-date.
[00:00:00] Enlighten: Bake started.
[PathTracer][LP] Issuing deduplication and tetrahedralization job. Combined: 80257199cfa681a16be5e09b3c2208f4, tetrahedralized probes: 00000000000000000000000000000000, non-tetrahedralized probes: 00000000000000000000000000000000, dependencies: 00000000000000000000000000000000
Launched and connected shader compiler UnityShaderCompiler after 0.06 seconds
Setting up 2 worker threads for Enlighten.
  Thread -> id: 311587000 -> priority: 1 
  Thread -> id: 31160a000 -> priority: 1 
[00:00:00] Enlighten: Finished 1 Bake Runtime job (0.05s execute, 0.00s integrate, 0.09s wallclock)
[00:00:00] Enlighten: Bake took 0.093657 seconds.
[PathTracer][LP] Integrating deduplicated and tetrahedralized probes for hash 80257199cfa681a16be5e09b3c2208f4.
[PathTracer] Common reset.
[PathTracer] Lightmap reset.
[PathTracer][LP] Light probes reset.
[PathTracer] building lightmap data asset.
[00:00:00] Enlighten: Reflection Probes started.
[00:00:00] Enlighten: Finished 1 Ambient Probes job (0.00s execute, 0.00s integrate, 0.01s wallclock)
[00:00:00] Enlighten: Finished 1 Reflection Probes job (0.00s execute, 0.00s integrate, 0.01s wallclock)


Mono dependencies included in the build
Dependency assembly - Mono.Security.dll
Dependency assembly - System.Core.dll
Dependency assembly - System.dll
Dependency assembly - mscorlib.dll
Dependency assembly - UnityEngine.UI.dll
Dependency assembly - UnityEngine.Networking.dll
Dependency assembly - UnityEngine.PerformanceTesting.dll
Dependency assembly - UnityEngine.Timeline.dll
Dependency assembly - UnityEngine.SpatialTracking.dll
Dependency assembly - Assembly-CSharp.dll
Dependency assembly - UnityEngine.Analytics.dll
Dependency assembly - UnityEngine.Purchasing.dll
Dependency assembly - UnityEngine.StandardEvents.dll

DisplayProgressbar: Fetching assembly references
Unloading 11 Unused Serialized files (Serialized files now loaded: 0)
System memory in use before: 0.62 GB.
System memory in use after: 0.62 GB.

Unloading 24 unused Assets to reduce memory usage. Loaded Objects now: 2678.
Total: 6.396709 ms (FindLiveObjects: 0.182292 ms CreateObjectMapping: 0.010833 ms MarkObjects: 5.443875 ms  DeleteObjects: 0.758917 ms)

Unloading 1 Unused Serialized files (Serialized files now loaded: 0)
System memory in use before: 0.62 GB.
System memory in use after: 0.62 GB.

Unloading 0 unused Assets to reduce memory usage. Loaded Objects now: 2690.
Total: 6.060417 ms (FindLiveObjects: 0.193041 ms CreateObjectMapping: 0.010584 ms MarkObjects: 5.852958 ms  DeleteObjects: 0.003541 ms)

Unloading 1 Unused Serialized files (Serialized files now loaded: 0)
System memory in use before: 0.66 GB.
System memory in use after: 0.62 GB.

Unloading 145 unused Assets to reduce memory usage. Loaded Objects now: 2677.
Total: 23.890416 ms (FindLiveObjects: 0.179459 ms CreateObjectMapping: 0.050375 ms MarkObjects: 5.319584 ms  DeleteObjects: 18.340541 ms)

DisplayProgressbar: Building Player
Launched and connected shader compiler UnityShaderCompiler after 0.04 seconds
Launched and connected shader compiler UnityShaderCompiler after 0.05 seconds
Launched and connected shader compiler UnityShaderCompiler after 0.06 seconds
Launched and connected shader compiler UnityShaderCompiler after 0.06 seconds
Launched and connected shader compiler UnityShaderCompiler after 0.05 seconds
Launched and connected shader compiler UnityShaderCompiler after 0.05 seconds
Launched and connected shader compiler UnityShaderCompiler after 0.05 seconds
DisplayProgressbar: Creating staging area
Android PostProcess task "Creating staging area" took 5.406 ms
DisplayProgressbar: Generating Build Id
Android PostProcess task "Generating Build Id" took 0.454 ms
DisplayProgressbar: Preparing Unity resources
Android PostProcess task "Preparing Unity resources" took 15.999 ms
DisplayProgressbar: Splitting assets
Android PostProcess task "Splitting assets" took 4.964 ms
Android PostProcess task "Processing OBB assets" took 0.15 ms
DisplayProgressbar: Preparing Unity libraries
Android PostProcess task "Preparing Unity libraries" took 102.201 ms
DisplayProgressbar: Processing resources
Android PostProcess task "Processing resources" took 0.353 ms
DisplayProgressbar: Preparing APK resources
Android PostProcess task "Preparing APK resources" took 92.193 ms
DisplayProgressbar: Processing plugins
Android PostProcess task "Processing plugins" took 44.636 ms
DisplayProgressbar: Processing Android libraries
Android PostProcess task "Processing Android libraries" took 2.16 ms
DisplayProgressbar: Creating Android manifest
DisplayProgressbar: Fetching assembly references
Android PostProcess task "Creating Android manifest" took 471.981 ms
DisplayProgressbar: Compiling resources
Android PostProcess task "Compiling resources" took 5.438 ms
Android PostProcess task "IL2CPP" took 0.828 ms
Android PostProcess task "Build native Unity binary" took 0.214 ms
Android PostProcess task "Zipping symbols" took 0.522 ms
DisplayProgressbar: Performance Reporting Symbol Upload
Android PostProcess task "Performance Reporting Symbol Upload" took 106.199 ms
DisplayProgressbar: Preparing streaming assets
Android PostProcess task "Preparing streaming assets" took 26.886 ms
Android PostProcess task "fastzip" took 0.323 ms
Android PostProcess task "AAPT: Compiling all assets into one archive" took 0.984 ms
DisplayProgressbar: Building Gradle project
Android PostProcess task "Building Gradle project" took 24574.883 ms
DisplayProgressbar: Moving output package
Android PostProcess task "Moving output package" took 8.162 ms

-------------------------------------------------------------------------------
Build Report
Uncompressed usage by category (Percentages based on user generated assets only):
Textures               5.4 kb	 0.1% 
Meshes                 0.0 kb	 0.0% 
Animations             0.0 kb	 0.0% 
Sounds                 0.0 kb	 0.0% 
Shaders                13.7 kb	 0.3% 
Other Assets           1.8 kb	 0.0% 
Levels                 71.0 kb	 1.5% 
Scripts                708.4 kb	 14.6% 
Included DLLs          3.9 mb	 83.3% 
File headers           9.1 kb	 0.2% 
Total User Assets      4.7 mb	 100.0% 
Complete build size    36.9 mb
Used Assets and files from the Resources folder, sorted by uncompressed size:
 20.2 kb	 0.1% Resources/unity_builtin_extra
 4.1 kb	 0.0% /Applications/2017.4.32c2/Unity.app/Contents/UnityExtensions/Unity/GUISystem/UnityEngine.UI.dll
 4.1 kb	 0.0% /Applications/2017.4.32c2/Unity.app/Contents/UnityExtensions/Unity/GUISystem/Standalone/UnityEngine.UI.dll
 1.8 kb	 0.0% /Applications/2017.4.32c2/Unity.app/Contents/UnityExtensions/Unity/Networking/UnityEngine.Networking.dll
 1.8 kb	 0.0% /Applications/2017.4.32c2/Unity.app/Contents/UnityExtensions/Unity/Networking/Standalone/UnityEngine.Networking.dll
 1.5 kb	 0.0% /Applications/2017.4.32c2/Unity.app/Contents/UnityExtensions/Unity/Timeline/RuntimeEditor/UnityEngine.Timeline.dll
 1.5 kb	 0.0% /Applications/2017.4.32c2/Unity.app/Contents/UnityExtensions/Unity/Timeline/Runtime/UnityEngine.Timeline.dll
 0.7 kb	 0.0% /Applications/2017.4.32c2/Unity.app/Contents/UnityExtensions/Unity/UnityHoloLens/RuntimeEditor/UnityEngine.HoloLens.dll
 0.7 kb	 0.0% /Applications/2017.4.32c2/Unity.app/Contents/UnityExtensions/Unity/UnityHoloLens/Runtime/UnityEngine.HoloLens.dll
 0.6 kb	 0.0% /Applications/2017.4.32c2/Unity.app/Contents/UnityExtensions/Unity/UnityGoogleAudioSpatializer/RuntimeEditor/UnityEngine.GoogleAudioSpatializer.dll
 0.6 kb	 0.0% /Applications/2017.4.32c2/Unity.app/Contents/UnityExtensions/Unity/UnityGoogleAudioSpatializer/Runtime/UnityEngine.GoogleAudioSpatializer.dll
 0.4 kb	 0.0% /Applications/2017.4.32c2/Unity.app/Contents/UnityExtensions/Unity/TestRunner/UnityEngine.TestRunner.dll
 0.3 kb	 0.0% Packages/com.unity.analytics/UnityEngine.Analytics.dll
 0.3 kb	 0.0% Packages/com.unity.ads/UnityEngine.Advertisements.dll
 0.1 kb	 0.0% /Applications/2017.4.32c2/Unity.app/Contents/UnityExtensions/Unity/PerformanceTesting/UnityEngine.PerformanceTesting.dll
 0.1 kb	 0.0% /Applications/2017.4.32c2/Unity.app/Contents/UnityExtensions/Unity/UnitySpatialTracking/RuntimeEditor/UnityEngine.SpatialTracking.dll
 0.1 kb	 0.0% /Applications/2017.4.32c2/Unity.app/Contents/UnityExtensions/Unity/UnitySpatialTracking/Runtime/UnityEngine.SpatialTracking.dll
 0.1 kb	 0.0% Assets/Scripts/purchTest.cs
 0.1 kb	 0.0% Assets/Scripts/test.cs
-------------------------------------------------------------------------------
Unloading 10 Unused Serialized files (Serialized files now loaded: 0)
System memory in use before: 0.62 GB.
System memory in use after: 0.62 GB.

Unloading 22 unused Assets to reduce memory usage. Loaded Objects now: 2692.
Total: 14.040333 ms (FindLiveObjects: 0.386833 ms CreateObjectMapping: 0.054833 ms MarkObjects: 12.055708 ms  DeleteObjects: 1.542333 ms)

Load scene 'Temp/__Backupscenes/0.backup' time: 0.024583 ms 
Unloading 0 Unused Serialized files (Serialized files now loaded: 0)
[00:00:00] Enlighten: Reflection Probes took 27.538481 seconds. Cancelled, so not done yet.
System memory in use before: 0.62 GB.
System memory in use after: 0.62 GB.

Unloading 0 unused Assets to reduce memory usage. Loaded Objects now: 2682.
Total: 6.229375 ms (FindLiveObjects: 0.234625 ms CreateObjectMapping: 0.011333 ms MarkObjects: 5.977125 ms  DeleteObjects: 0.005833 ms)


*** Completed 'Build.Player.AndroidPlayer' in 33 seconds (32622 ms)

- Starting compile Library/ScriptAssemblies/Assembly-CSharp.dll
- Finished compile Library/ScriptAssemblies/Assembly-CSharp.dll
Symbols will be read from Temp/Assembly-CSharp.dll.mdb
Script Module: Assembly-CSharp.dll
Pass: 0 took 1 milliseconds
Pass: 1 took 0 milliseconds
- Starting compile Library/ScriptAssemblies/Assembly-CSharp-Editor.dll
- Finished compile Library/ScriptAssemblies/Assembly-CSharp-Editor.dll
Reloading assemblies after script compilation.
Begin MonoManager ReloadAssembly
Initializing Unity.PackageManager (PackageManager) v2017.4.32 for Unity v2017.4.32c2
Registering platform support modules:
Registered platform support modules in: 0.073509s.
Native extension for OSXStandalone target not found
Native extension for iOS target not found
[XcodeApplications] RefreshListOfAvailableXcodeApplications in: 0.00513s.
Native extension for Android target not found
Refreshing native plugins compatible for Editor in 0.65 ms, found 3 plugins.
Preloading 1 native plugins for Editor in 0.35 ms.
Mono: successfully reloaded assembly
Refreshing native plugins compatible for Editor in 0.27 ms, found 3 plugins.
Preloading 1 native plugins for Editor in 0.33 ms.

----- Total AssetImport time: 0.057605s, AssetImport time: 0.000000s, Asset hashing: 0.000000s [0 B, 0.000000 mb/s]

- Completed reload, in  1.714 seconds
Platform modules already initialized, skipping
Batchmode quit successfully invoked - shutting down!
Refresh: detecting if any assets need to be imported or removed ... Refresh: elapses 0.033251 seconds
Refreshing native plugins compatible for Editor in 0.27 ms, found 3 plugins.
Preloading 1 native plugins for Editor in 0.31 ms.

----- Total AssetImport time: 0.031273s, AssetImport time: 0.000000s, Asset hashing: 0.000000s [0 B, 0.000000 mb/s]

Updating ProjectSettings/ProjectSettings.asset - GUID: 00000000000000004000000000000000...
 done. [Time: 26.371792 ms] 
Refreshing native plugins compatible for Editor in 0.27 ms, found 3 plugins.
Preloading 1 native plugins for Editor in 0.33 ms.

----- Total AssetImport time: 0.076885s, AssetImport time: 0.045559s, Asset hashing: 0.000000s [0 B, 0.000000 mb/s]

Refresh: detecting if any assets need to be imported or removed ... Refresh: elapses 0.032600 seconds
Refreshing native plugins compatible for Editor in 0.26 ms, found 3 plugins.
Preloading 1 native plugins for Editor in 0.30 ms.

----- Total AssetImport time: 0.031206s, AssetImport time: 0.000000s, Asset hashing: 0.000000s [0 B, 0.000000 mb/s]

[Package Manager] Server::Kill -- Server was shutdown
Cleanup mono
Exiting batchmode successfully now!
